{"D:\\CS Projects\\node-projects\\my-unit-testing\\Cart.ts": {"path":"D:\\CS Projects\\node-projects\\my-unit-testing\\Cart.ts","statementMap":{"0":{"start":{"line":2,"column":0},"end":{"line":2,"column":34}},"1":{"start":{"line":12,"column":4},"end":{"line":12,"column":21}},"2":{"start":{"line":16,"column":4},"end":{"line":16,"column":28}},"3":{"start":{"line":20,"column":26},"end":{"line":23,"column":6}},"4":{"start":{"line":24,"column":4},"end":{"line":24,"column":44}},"5":{"start":{"line":25,"column":4},"end":{"line":25,"column":65}},"6":{"start":{"line":29,"column":4},"end":{"line":35,"column":null}},"7":{"start":{"line":29,"column":17},"end":{"line":29,"column":18}},"8":{"start":{"line":30,"column":22},"end":{"line":30,"column":35}},"9":{"start":{"line":32,"column":6},"end":{"line":34,"column":null}},"10":{"start":{"line":33,"column":8},"end":{"line":33,"column":80}},"11":{"start":{"line":9,"column":0},"end":{"line":9,"column":21}}},"fnMap":{"0":{"name":"(anonymous_0)","decl":{"start":{"line":11,"column":2},"end":{"line":11,"column":null}},"loc":{"start":{"line":11,"column":2},"end":{"line":13,"column":3}}},"1":{"name":"(anonymous_1)","decl":{"start":{"line":15,"column":2},"end":{"line":15,"column":6}},"loc":{"start":{"line":15,"column":11},"end":{"line":17,"column":3}}},"2":{"name":"(anonymous_2)","decl":{"start":{"line":19,"column":2},"end":{"line":19,"column":11}},"loc":{"start":{"line":19,"column":42},"end":{"line":26,"column":3}}},"3":{"name":"(anonymous_3)","decl":{"start":{"line":28,"column":2},"end":{"line":28,"column":16}},"loc":{"start":{"line":28,"column":29},"end":{"line":36,"column":3}}}},"branchMap":{"0":{"loc":{"start":{"line":32,"column":6},"end":{"line":34,"column":null}},"type":"if","locations":[{"start":{"line":32,"column":6},"end":{"line":34,"column":null}}]}},"s":{"0":1,"1":1,"2":0,"3":1,"4":1,"5":1,"6":0,"7":0,"8":0,"9":0,"10":0,"11":1},"f":{"0":1,"1":0,"2":1,"3":0},"b":{"0":[0]}}
,"D:\\CS Projects\\node-projects\\my-unit-testing\\logger.js": {"path":"D:\\CS Projects\\node-projects\\my-unit-testing\\logger.js","statementMap":{"0":{"start":{"line":2,"column":0},"end":{"line":2,"column":62}},"1":{"start":{"line":3,"column":0},"end":{"line":3,"column":24}},"2":{"start":{"line":4,"column":13},"end":{"line":4,"column":28}},"3":{"start":{"line":5,"column":19},"end":{"line":5,"column":40}},"4":{"start":{"line":6,"column":0},"end":{"line":9,"column":2}}},"fnMap":{},"branchMap":{},"s":{"0":1,"1":1,"2":1,"3":1,"4":1},"f":{},"b":{},"inputSourceMap":null,"_coverageSchema":"1a1c01bbd47fc00a2c39e90264f33305004495a9","hash":"2952ddcb0eea497126a6b8be732ddfc63a5d0516"}
,"D:\\CS Projects\\node-projects\\my-unit-testing\\script.js": {"path":"D:\\CS Projects\\node-projects\\my-unit-testing\\script.js","statementMap":{"0":{"start":{"line":2,"column":16},"end":{"line":10,"column":1}},"1":{"start":{"line":3,"column":28},"end":{"line":3,"column":110}},"2":{"start":{"line":3,"column":91},"end":{"line":3,"column":106}},"3":{"start":{"line":4,"column":4},"end":{"line":9,"column":7}},"4":{"start":{"line":5,"column":36},"end":{"line":5,"column":97}},"5":{"start":{"line":5,"column":42},"end":{"line":5,"column":70}},"6":{"start":{"line":5,"column":85},"end":{"line":5,"column":95}},"7":{"start":{"line":6,"column":35},"end":{"line":6,"column":100}},"8":{"start":{"line":6,"column":41},"end":{"line":6,"column":73}},"9":{"start":{"line":6,"column":88},"end":{"line":6,"column":98}},"10":{"start":{"line":7,"column":32},"end":{"line":7,"column":116}},"11":{"start":{"line":8,"column":8},"end":{"line":8,"column":78}},"12":{"start":{"line":11,"column":18},"end":{"line":37,"column":1}},"13":{"start":{"line":12,"column":12},"end":{"line":12,"column":104}},"14":{"start":{"line":12,"column":43},"end":{"line":12,"column":68}},"15":{"start":{"line":12,"column":57},"end":{"line":12,"column":68}},"16":{"start":{"line":12,"column":69},"end":{"line":12,"column":81}},"17":{"start":{"line":13,"column":4},"end":{"line":13,"column":157}},"18":{"start":{"line":13,"column":138},"end":{"line":13,"column":150}},"19":{"start":{"line":14,"column":23},"end":{"line":14,"column":68}},"20":{"start":{"line":14,"column":45},"end":{"line":14,"column":65}},"21":{"start":{"line":16,"column":8},"end":{"line":16,"column":70}},"22":{"start":{"line":16,"column":15},"end":{"line":16,"column":70}},"23":{"start":{"line":17,"column":8},"end":{"line":34,"column":66}},"24":{"start":{"line":17,"column":50},"end":{"line":34,"column":66}},"25":{"start":{"line":18,"column":12},"end":{"line":18,"column":169}},"26":{"start":{"line":18,"column":160},"end":{"line":18,"column":169}},"27":{"start":{"line":19,"column":12},"end":{"line":19,"column":52}},"28":{"start":{"line":19,"column":26},"end":{"line":19,"column":52}},"29":{"start":{"line":20,"column":12},"end":{"line":32,"column":13}},"30":{"start":{"line":21,"column":32},"end":{"line":21,"column":39}},"31":{"start":{"line":21,"column":40},"end":{"line":21,"column":46}},"32":{"start":{"line":22,"column":24},"end":{"line":22,"column":34}},"33":{"start":{"line":22,"column":35},"end":{"line":22,"column":72}},"34":{"start":{"line":23,"column":24},"end":{"line":23,"column":34}},"35":{"start":{"line":23,"column":35},"end":{"line":23,"column":45}},"36":{"start":{"line":23,"column":46},"end":{"line":23,"column":55}},"37":{"start":{"line":23,"column":56},"end":{"line":23,"column":65}},"38":{"start":{"line":24,"column":24},"end":{"line":24,"column":41}},"39":{"start":{"line":24,"column":42},"end":{"line":24,"column":55}},"40":{"start":{"line":24,"column":56},"end":{"line":24,"column":65}},"41":{"start":{"line":26,"column":20},"end":{"line":26,"column":128}},"42":{"start":{"line":26,"column":110},"end":{"line":26,"column":116}},"43":{"start":{"line":26,"column":117},"end":{"line":26,"column":126}},"44":{"start":{"line":27,"column":20},"end":{"line":27,"column":106}},"45":{"start":{"line":27,"column":81},"end":{"line":27,"column":97}},"46":{"start":{"line":27,"column":98},"end":{"line":27,"column":104}},"47":{"start":{"line":28,"column":20},"end":{"line":28,"column":89}},"48":{"start":{"line":28,"column":57},"end":{"line":28,"column":72}},"49":{"start":{"line":28,"column":73},"end":{"line":28,"column":80}},"50":{"start":{"line":28,"column":81},"end":{"line":28,"column":87}},"51":{"start":{"line":29,"column":20},"end":{"line":29,"column":87}},"52":{"start":{"line":29,"column":47},"end":{"line":29,"column":62}},"53":{"start":{"line":29,"column":63},"end":{"line":29,"column":78}},"54":{"start":{"line":29,"column":79},"end":{"line":29,"column":85}},"55":{"start":{"line":30,"column":20},"end":{"line":30,"column":42}},"56":{"start":{"line":30,"column":30},"end":{"line":30,"column":42}},"57":{"start":{"line":31,"column":20},"end":{"line":31,"column":33}},"58":{"start":{"line":31,"column":34},"end":{"line":31,"column":43}},"59":{"start":{"line":33,"column":12},"end":{"line":33,"column":39}},"60":{"start":{"line":34,"column":22},"end":{"line":34,"column":34}},"61":{"start":{"line":34,"column":35},"end":{"line":34,"column":41}},"62":{"start":{"line":34,"column":54},"end":{"line":34,"column":64}},"63":{"start":{"line":35,"column":8},"end":{"line":35,"column":35}},"64":{"start":{"line":35,"column":23},"end":{"line":35,"column":35}},"65":{"start":{"line":35,"column":36},"end":{"line":35,"column":89}},"66":{"start":{"line":38,"column":0},"end":{"line":38,"column":62}},"67":{"start":{"line":39,"column":0},"end":{"line":39,"column":117}},"68":{"start":{"line":40,"column":0},"end":{"line":40,"column":27}},"69":{"start":{"line":41,"column":15},"end":{"line":41,"column":40}},"70":{"start":{"line":42,"column":13},"end":{"line":42,"column":40}},"71":{"start":{"line":44,"column":21},"end":{"line":54,"column":5}},"72":{"start":{"line":44,"column":35},"end":{"line":54,"column":3}},"73":{"start":{"line":45,"column":4},"end":{"line":53,"column":7}},"74":{"start":{"line":46,"column":8},"end":{"line":52,"column":9}},"75":{"start":{"line":47,"column":20},"end":{"line":47,"column":108}},"76":{"start":{"line":49,"column":16},"end":{"line":49,"column":26}},"77":{"start":{"line":50,"column":16},"end":{"line":50,"column":37}},"78":{"start":{"line":51,"column":16},"end":{"line":51,"column":38}},"79":{"start":{"line":55,"column":0},"end":{"line":55,"column":40}},"80":{"start":{"line":56,"column":20},"end":{"line":70,"column":5}},"81":{"start":{"line":56,"column":42},"end":{"line":70,"column":3}},"82":{"start":{"line":57,"column":4},"end":{"line":69,"column":7}},"83":{"start":{"line":58,"column":8},"end":{"line":68,"column":9}},"84":{"start":{"line":59,"column":20},"end":{"line":63,"column":20}},"85":{"start":{"line":65,"column":16},"end":{"line":65,"column":26}},"86":{"start":{"line":66,"column":16},"end":{"line":66,"column":37}},"87":{"start":{"line":67,"column":16},"end":{"line":67,"column":38}},"88":{"start":{"line":71,"column":0},"end":{"line":71,"column":38}},"89":{"start":{"line":72,"column":14},"end":{"line":87,"column":5}},"90":{"start":{"line":72,"column":36},"end":{"line":87,"column":3}},"91":{"start":{"line":74,"column":4},"end":{"line":86,"column":7}},"92":{"start":{"line":75,"column":8},"end":{"line":85,"column":9}},"93":{"start":{"line":76,"column":20},"end":{"line":80,"column":20}},"94":{"start":{"line":82,"column":16},"end":{"line":82,"column":33}},"95":{"start":{"line":83,"column":16},"end":{"line":83,"column":37}},"96":{"start":{"line":84,"column":16},"end":{"line":84,"column":44}},"97":{"start":{"line":88,"column":0},"end":{"line":88,"column":26}},"98":{"start":{"line":89,"column":18},"end":{"line":100,"column":5}},"99":{"start":{"line":89,"column":32},"end":{"line":100,"column":3}},"100":{"start":{"line":91,"column":4},"end":{"line":99,"column":7}},"101":{"start":{"line":92,"column":8},"end":{"line":98,"column":9}},"102":{"start":{"line":93,"column":20},"end":{"line":93,"column":66}},"103":{"start":{"line":95,"column":16},"end":{"line":95,"column":34}},"104":{"start":{"line":96,"column":16},"end":{"line":96,"column":37}},"105":{"start":{"line":97,"column":16},"end":{"line":97,"column":45}},"106":{"start":{"line":101,"column":0},"end":{"line":101,"column":34}},"107":{"start":{"line":102,"column":17},"end":{"line":116,"column":5}},"108":{"start":{"line":102,"column":33},"end":{"line":116,"column":3}},"109":{"start":{"line":103,"column":4},"end":{"line":115,"column":7}},"110":{"start":{"line":104,"column":8},"end":{"line":114,"column":9}},"111":{"start":{"line":105,"column":20},"end":{"line":109,"column":20}},"112":{"start":{"line":111,"column":16},"end":{"line":111,"column":26}},"113":{"start":{"line":112,"column":16},"end":{"line":112,"column":37}},"114":{"start":{"line":113,"column":16},"end":{"line":113,"column":38}},"115":{"start":{"line":117,"column":0},"end":{"line":117,"column":32}}},"fnMap":{"0":{"name":"(anonymous_0)","decl":{"start":{"line":2,"column":44},"end":{"line":2,"column":45}},"loc":{"start":{"line":2,"column":89},"end":{"line":10,"column":1}},"line":2},"1":{"name":"adopt","decl":{"start":{"line":3,"column":13},"end":{"line":3,"column":18}},"loc":{"start":{"line":3,"column":26},"end":{"line":3,"column":112}},"line":3},"2":{"name":"(anonymous_2)","decl":{"start":{"line":3,"column":70},"end":{"line":3,"column":71}},"loc":{"start":{"line":3,"column":89},"end":{"line":3,"column":108}},"line":3},"3":{"name":"(anonymous_3)","decl":{"start":{"line":4,"column":36},"end":{"line":4,"column":37}},"loc":{"start":{"line":4,"column":63},"end":{"line":9,"column":5}},"line":4},"4":{"name":"fulfilled","decl":{"start":{"line":5,"column":17},"end":{"line":5,"column":26}},"loc":{"start":{"line":5,"column":34},"end":{"line":5,"column":99}},"line":5},"5":{"name":"rejected","decl":{"start":{"line":6,"column":17},"end":{"line":6,"column":25}},"loc":{"start":{"line":6,"column":33},"end":{"line":6,"column":102}},"line":6},"6":{"name":"step","decl":{"start":{"line":7,"column":17},"end":{"line":7,"column":21}},"loc":{"start":{"line":7,"column":30},"end":{"line":7,"column":118}},"line":7},"7":{"name":"(anonymous_7)","decl":{"start":{"line":11,"column":48},"end":{"line":11,"column":49}},"loc":{"start":{"line":11,"column":73},"end":{"line":37,"column":1}},"line":11},"8":{"name":"(anonymous_8)","decl":{"start":{"line":12,"column":30},"end":{"line":12,"column":31}},"loc":{"start":{"line":12,"column":41},"end":{"line":12,"column":83}},"line":12},"9":{"name":"(anonymous_9)","decl":{"start":{"line":13,"column":125},"end":{"line":13,"column":126}},"loc":{"start":{"line":13,"column":136},"end":{"line":13,"column":152}},"line":13},"10":{"name":"verb","decl":{"start":{"line":14,"column":13},"end":{"line":14,"column":17}},"loc":{"start":{"line":14,"column":21},"end":{"line":14,"column":70}},"line":14},"11":{"name":"(anonymous_11)","decl":{"start":{"line":14,"column":30},"end":{"line":14,"column":31}},"loc":{"start":{"line":14,"column":43},"end":{"line":14,"column":67}},"line":14},"12":{"name":"step","decl":{"start":{"line":15,"column":13},"end":{"line":15,"column":17}},"loc":{"start":{"line":15,"column":22},"end":{"line":36,"column":5}},"line":15},"13":{"name":"(anonymous_13)","decl":{"start":{"line":44,"column":21},"end":{"line":44,"column":22}},"loc":{"start":{"line":44,"column":33},"end":{"line":54,"column":5}},"line":44},"14":{"name":"(anonymous_14)","decl":{"start":{"line":44,"column":76},"end":{"line":44,"column":77}},"loc":{"start":{"line":44,"column":88},"end":{"line":54,"column":1}},"line":44},"15":{"name":"(anonymous_15)","decl":{"start":{"line":45,"column":29},"end":{"line":45,"column":30}},"loc":{"start":{"line":45,"column":43},"end":{"line":53,"column":5}},"line":45},"16":{"name":"(anonymous_16)","decl":{"start":{"line":56,"column":20},"end":{"line":56,"column":21}},"loc":{"start":{"line":56,"column":40},"end":{"line":70,"column":5}},"line":56},"17":{"name":"(anonymous_17)","decl":{"start":{"line":56,"column":83},"end":{"line":56,"column":84}},"loc":{"start":{"line":56,"column":95},"end":{"line":70,"column":1}},"line":56},"18":{"name":"(anonymous_18)","decl":{"start":{"line":57,"column":29},"end":{"line":57,"column":30}},"loc":{"start":{"line":57,"column":43},"end":{"line":69,"column":5}},"line":57},"19":{"name":"(anonymous_19)","decl":{"start":{"line":72,"column":14},"end":{"line":72,"column":15}},"loc":{"start":{"line":72,"column":34},"end":{"line":87,"column":5}},"line":72},"20":{"name":"(anonymous_20)","decl":{"start":{"line":72,"column":77},"end":{"line":72,"column":78}},"loc":{"start":{"line":72,"column":89},"end":{"line":87,"column":1}},"line":72},"21":{"name":"(anonymous_21)","decl":{"start":{"line":74,"column":29},"end":{"line":74,"column":30}},"loc":{"start":{"line":74,"column":43},"end":{"line":86,"column":5}},"line":74},"22":{"name":"(anonymous_22)","decl":{"start":{"line":89,"column":18},"end":{"line":89,"column":19}},"loc":{"start":{"line":89,"column":30},"end":{"line":100,"column":5}},"line":89},"23":{"name":"(anonymous_23)","decl":{"start":{"line":89,"column":73},"end":{"line":89,"column":74}},"loc":{"start":{"line":89,"column":85},"end":{"line":100,"column":1}},"line":89},"24":{"name":"(anonymous_24)","decl":{"start":{"line":91,"column":29},"end":{"line":91,"column":30}},"loc":{"start":{"line":91,"column":43},"end":{"line":99,"column":5}},"line":91},"25":{"name":"(anonymous_25)","decl":{"start":{"line":102,"column":17},"end":{"line":102,"column":18}},"loc":{"start":{"line":102,"column":31},"end":{"line":116,"column":5}},"line":102},"26":{"name":"(anonymous_26)","decl":{"start":{"line":102,"column":74},"end":{"line":102,"column":75}},"loc":{"start":{"line":102,"column":86},"end":{"line":116,"column":1}},"line":102},"27":{"name":"(anonymous_27)","decl":{"start":{"line":103,"column":29},"end":{"line":103,"column":30}},"loc":{"start":{"line":103,"column":43},"end":{"line":115,"column":5}},"line":103}},"branchMap":{"0":{"loc":{"start":{"line":2,"column":16},"end":{"line":10,"column":1}},"type":"binary-expr","locations":[{"start":{"line":2,"column":17},"end":{"line":2,"column":21}},{"start":{"line":2,"column":25},"end":{"line":2,"column":39}},{"start":{"line":2,"column":44},"end":{"line":10,"column":1}}],"line":2},"1":{"loc":{"start":{"line":3,"column":35},"end":{"line":3,"column":109}},"type":"cond-expr","locations":[{"start":{"line":3,"column":56},"end":{"line":3,"column":61}},{"start":{"line":3,"column":64},"end":{"line":3,"column":109}}],"line":3},"2":{"loc":{"start":{"line":4,"column":16},"end":{"line":4,"column":34}},"type":"binary-expr","locations":[{"start":{"line":4,"column":16},"end":{"line":4,"column":17}},{"start":{"line":4,"column":22},"end":{"line":4,"column":33}}],"line":4},"3":{"loc":{"start":{"line":7,"column":32},"end":{"line":7,"column":115}},"type":"cond-expr","locations":[{"start":{"line":7,"column":46},"end":{"line":7,"column":67}},{"start":{"line":7,"column":70},"end":{"line":7,"column":115}}],"line":7},"4":{"loc":{"start":{"line":8,"column":51},"end":{"line":8,"column":67}},"type":"binary-expr","locations":[{"start":{"line":8,"column":51},"end":{"line":8,"column":61}},{"start":{"line":8,"column":65},"end":{"line":8,"column":67}}],"line":8},"5":{"loc":{"start":{"line":11,"column":18},"end":{"line":37,"column":1}},"type":"binary-expr","locations":[{"start":{"line":11,"column":19},"end":{"line":11,"column":23}},{"start":{"line":11,"column":27},"end":{"line":11,"column":43}},{"start":{"line":11,"column":48},"end":{"line":37,"column":1}}],"line":11},"6":{"loc":{"start":{"line":12,"column":43},"end":{"line":12,"column":68}},"type":"if","locations":[{"start":{"line":12,"column":43},"end":{"line":12,"column":68}},{"start":{},"end":{}}],"line":12},"7":{"loc":{"start":{"line":13,"column":71},"end":{"line":13,"column":153}},"type":"binary-expr","locations":[{"start":{"line":13,"column":71},"end":{"line":13,"column":99}},{"start":{"line":13,"column":104},"end":{"line":13,"column":152}}],"line":13},"8":{"loc":{"start":{"line":16,"column":8},"end":{"line":16,"column":70}},"type":"if","locations":[{"start":{"line":16,"column":8},"end":{"line":16,"column":70}},{"start":{},"end":{}}],"line":16},"9":{"loc":{"start":{"line":17,"column":15},"end":{"line":17,"column":45}},"type":"binary-expr","locations":[{"start":{"line":17,"column":15},"end":{"line":17,"column":16}},{"start":{"line":17,"column":21},"end":{"line":17,"column":44}}],"line":17},"10":{"loc":{"start":{"line":17,"column":28},"end":{"line":17,"column":44}},"type":"binary-expr","locations":[{"start":{"line":17,"column":28},"end":{"line":17,"column":33}},{"start":{"line":17,"column":38},"end":{"line":17,"column":43}}],"line":17},"11":{"loc":{"start":{"line":18,"column":12},"end":{"line":18,"column":169}},"type":"if","locations":[{"start":{"line":18,"column":12},"end":{"line":18,"column":169}},{"start":{},"end":{}}],"line":18},"12":{"loc":{"start":{"line":18,"column":23},"end":{"line":18,"column":158}},"type":"binary-expr","locations":[{"start":{"line":18,"column":23},"end":{"line":18,"column":24}},{"start":{"line":18,"column":29},"end":{"line":18,"column":125}},{"start":{"line":18,"column":130},"end":{"line":18,"column":158}}],"line":18},"13":{"loc":{"start":{"line":18,"column":33},"end":{"line":18,"column":125}},"type":"cond-expr","locations":[{"start":{"line":18,"column":45},"end":{"line":18,"column":56}},{"start":{"line":18,"column":59},"end":{"line":18,"column":125}}],"line":18},"14":{"loc":{"start":{"line":18,"column":59},"end":{"line":18,"column":125}},"type":"cond-expr","locations":[{"start":{"line":18,"column":67},"end":{"line":18,"column":116}},{"start":{"line":18,"column":119},"end":{"line":18,"column":125}}],"line":18},"15":{"loc":{"start":{"line":18,"column":67},"end":{"line":18,"column":116}},"type":"binary-expr","locations":[{"start":{"line":18,"column":67},"end":{"line":18,"column":77}},{"start":{"line":18,"column":82},"end":{"line":18,"column":115}}],"line":18},"16":{"loc":{"start":{"line":18,"column":82},"end":{"line":18,"column":112}},"type":"binary-expr","locations":[{"start":{"line":18,"column":83},"end":{"line":18,"column":98}},{"start":{"line":18,"column":103},"end":{"line":18,"column":112}}],"line":18},"17":{"loc":{"start":{"line":19,"column":12},"end":{"line":19,"column":52}},"type":"if","locations":[{"start":{"line":19,"column":12},"end":{"line":19,"column":52}},{"start":{},"end":{}}],"line":19},"18":{"loc":{"start":{"line":20,"column":12},"end":{"line":32,"column":13}},"type":"switch","locations":[{"start":{"line":21,"column":16},"end":{"line":21,"column":23}},{"start":{"line":21,"column":24},"end":{"line":21,"column":46}},{"start":{"line":22,"column":16},"end":{"line":22,"column":72}},{"start":{"line":23,"column":16},"end":{"line":23,"column":65}},{"start":{"line":24,"column":16},"end":{"line":24,"column":65}},{"start":{"line":25,"column":16},"end":{"line":31,"column":43}}],"line":20},"19":{"loc":{"start":{"line":26,"column":20},"end":{"line":26,"column":128}},"type":"if","locations":[{"start":{"line":26,"column":20},"end":{"line":26,"column":128}},{"start":{},"end":{}}],"line":26},"20":{"loc":{"start":{"line":26,"column":24},"end":{"line":26,"column":106}},"type":"binary-expr","locations":[{"start":{"line":26,"column":24},"end":{"line":26,"column":74}},{"start":{"line":26,"column":79},"end":{"line":26,"column":90}},{"start":{"line":26,"column":94},"end":{"line":26,"column":105}}],"line":26},"21":{"loc":{"start":{"line":26,"column":42},"end":{"line":26,"column":73}},"type":"binary-expr","locations":[{"start":{"line":26,"column":42},"end":{"line":26,"column":54}},{"start":{"line":26,"column":58},"end":{"line":26,"column":73}}],"line":26},"22":{"loc":{"start":{"line":27,"column":20},"end":{"line":27,"column":106}},"type":"if","locations":[{"start":{"line":27,"column":20},"end":{"line":27,"column":106}},{"start":{},"end":{}}],"line":27},"23":{"loc":{"start":{"line":27,"column":24},"end":{"line":27,"column":77}},"type":"binary-expr","locations":[{"start":{"line":27,"column":24},"end":{"line":27,"column":35}},{"start":{"line":27,"column":40},"end":{"line":27,"column":42}},{"start":{"line":27,"column":47},"end":{"line":27,"column":59}},{"start":{"line":27,"column":63},"end":{"line":27,"column":75}}],"line":27},"24":{"loc":{"start":{"line":28,"column":20},"end":{"line":28,"column":89}},"type":"if","locations":[{"start":{"line":28,"column":20},"end":{"line":28,"column":89}},{"start":{},"end":{}}],"line":28},"25":{"loc":{"start":{"line":28,"column":24},"end":{"line":28,"column":53}},"type":"binary-expr","locations":[{"start":{"line":28,"column":24},"end":{"line":28,"column":35}},{"start":{"line":28,"column":39},"end":{"line":28,"column":53}}],"line":28},"26":{"loc":{"start":{"line":29,"column":20},"end":{"line":29,"column":87}},"type":"if","locations":[{"start":{"line":29,"column":20},"end":{"line":29,"column":87}},{"start":{},"end":{}}],"line":29},"27":{"loc":{"start":{"line":29,"column":24},"end":{"line":29,"column":43}},"type":"binary-expr","locations":[{"start":{"line":29,"column":24},"end":{"line":29,"column":25}},{"start":{"line":29,"column":29},"end":{"line":29,"column":43}}],"line":29},"28":{"loc":{"start":{"line":30,"column":20},"end":{"line":30,"column":42}},"type":"if","locations":[{"start":{"line":30,"column":20},"end":{"line":30,"column":42}},{"start":{},"end":{}}],"line":30},"29":{"loc":{"start":{"line":35,"column":8},"end":{"line":35,"column":35}},"type":"if","locations":[{"start":{"line":35,"column":8},"end":{"line":35,"column":35}},{"start":{},"end":{}}],"line":35},"30":{"loc":{"start":{"line":35,"column":52},"end":{"line":35,"column":74}},"type":"cond-expr","locations":[{"start":{"line":35,"column":60},"end":{"line":35,"column":65}},{"start":{"line":35,"column":68},"end":{"line":35,"column":74}}],"line":35},"31":{"loc":{"start":{"line":46,"column":8},"end":{"line":52,"column":9}},"type":"switch","locations":[{"start":{"line":47,"column":12},"end":{"line":47,"column":108}},{"start":{"line":48,"column":12},"end":{"line":51,"column":38}}],"line":46},"32":{"loc":{"start":{"line":58,"column":8},"end":{"line":68,"column":9}},"type":"switch","locations":[{"start":{"line":59,"column":12},"end":{"line":63,"column":20}},{"start":{"line":64,"column":12},"end":{"line":67,"column":38}}],"line":58},"33":{"loc":{"start":{"line":75,"column":8},"end":{"line":85,"column":9}},"type":"switch","locations":[{"start":{"line":76,"column":12},"end":{"line":80,"column":20}},{"start":{"line":81,"column":12},"end":{"line":84,"column":44}}],"line":75},"34":{"loc":{"start":{"line":92,"column":8},"end":{"line":98,"column":9}},"type":"switch","locations":[{"start":{"line":93,"column":12},"end":{"line":93,"column":66}},{"start":{"line":94,"column":12},"end":{"line":97,"column":45}}],"line":92},"35":{"loc":{"start":{"line":104,"column":8},"end":{"line":114,"column":9}},"type":"switch","locations":[{"start":{"line":105,"column":12},"end":{"line":109,"column":20}},{"start":{"line":110,"column":12},"end":{"line":113,"column":38}}],"line":104}},"s":{"0":1,"1":9,"2":9,"3":9,"4":9,"5":9,"6":0,"7":0,"8":0,"9":0,"10":18,"11":9,"12":1,"13":9,"14":9,"15":0,"16":9,"17":9,"18":0,"19":27,"20":18,"21":18,"22":0,"23":18,"24":36,"25":36,"26":0,"27":36,"28":0,"29":36,"30":18,"31":18,"32":9,"33":9,"34":0,"35":0,"36":0,"37":0,"38":0,"39":0,"40":0,"41":9,"42":9,"43":9,"44":0,"45":0,"46":0,"47":0,"48":0,"49":0,"50":0,"51":0,"52":0,"53":0,"54":0,"55":0,"56":0,"57":0,"58":0,"59":18,"60":0,"61":0,"62":36,"63":9,"64":0,"65":9,"66":1,"67":1,"68":1,"69":1,"70":1,"71":1,"72":2,"73":2,"74":4,"75":2,"76":2,"77":2,"78":2,"79":1,"80":1,"81":4,"82":4,"83":8,"84":4,"85":4,"86":4,"87":4,"88":1,"89":1,"90":1,"91":1,"92":2,"93":1,"94":1,"95":1,"96":1,"97":1,"98":1,"99":1,"100":1,"101":2,"102":1,"103":1,"104":1,"105":1,"106":1,"107":1,"108":1,"109":1,"110":2,"111":1,"112":1,"113":1,"114":1,"115":1},"f":{"0":9,"1":9,"2":9,"3":9,"4":9,"5":0,"6":18,"7":9,"8":9,"9":0,"10":27,"11":18,"12":18,"13":2,"14":2,"15":4,"16":4,"17":4,"18":8,"19":1,"20":1,"21":2,"22":1,"23":1,"24":2,"25":1,"26":1,"27":2},"b":{"0":[1,1,1],"1":[0,9],"2":[9,9],"3":[9,9],"4":[9,9],"5":[1,1,1],"6":[0,9],"7":[9,9],"8":[0,18],"9":[45,9],"10":[9,0],"11":[0,36],"12":[36,0,0],"13":[0,0],"14":[0,0],"15":[0,0],"16":[0,0],"17":[0,36],"18":[18,18,9,0,0,9],"19":[9,0],"20":[9,9,9],"21":[9,0],"22":[0,0],"23":[0,0,0,0],"24":[0,0],"25":[0,0],"26":[0,0],"27":[0,0],"28":[0,0],"29":[0,9],"30":[9,0],"31":[2,2],"32":[4,4],"33":[1,1],"34":[1,1],"35":[1,1]},"inputSourceMap":null,"_coverageSchema":"1a1c01bbd47fc00a2c39e90264f33305004495a9","hash":"ae22b5187695a5801ffa9bf1561b1676f5213b04"}
,"D:\\CS Projects\\node-projects\\my-unit-testing\\server.ts": {"path":"D:\\CS Projects\\node-projects\\my-unit-testing\\server.ts","statementMap":{"0":{"start":{"line":1,"column":0},"end":{"line":1,"column":30}},"1":{"start":{"line":2,"column":0},"end":{"line":2,"column":null}},"2":{"start":{"line":8,"column":12},"end":{"line":8,"column":21}},"3":{"start":{"line":9,"column":13},"end":{"line":9,"column":17}},"4":{"start":{"line":11,"column":0},"end":{"line":19,"column":3}},"5":{"start":{"line":12,"column":2},"end":{"line":18,"column":null}},"6":{"start":{"line":13,"column":25},"end":{"line":13,"column":35}},"7":{"start":{"line":14,"column":17},"end":{"line":14,"column":38}},"8":{"start":{"line":15,"column":4},"end":{"line":15,"column":29}},"9":{"start":{"line":17,"column":4},"end":{"line":17,"column":52}},"10":{"start":{"line":21,"column":0},"end":{"line":30,"column":3}},"11":{"start":{"line":22,"column":2},"end":{"line":29,"column":null}},"12":{"start":{"line":23,"column":31},"end":{"line":23,"column":41}},"13":{"start":{"line":24,"column":21},"end":{"line":24,"column":50}},"14":{"start":{"line":25,"column":4},"end":{"line":25,"column":33}},"15":{"start":{"line":27,"column":4},"end":{"line":27,"column":52}},"16":{"start":{"line":28,"column":4},"end":{"line":28,"column":11}},"17":{"start":{"line":32,"column":0},"end":{"line":41,"column":3}},"18":{"start":{"line":33,"column":2},"end":{"line":40,"column":null}},"19":{"start":{"line":34,"column":31},"end":{"line":34,"column":41}},"20":{"start":{"line":35,"column":21},"end":{"line":35,"column":55}},"21":{"start":{"line":36,"column":4},"end":{"line":36,"column":33}},"22":{"start":{"line":38,"column":4},"end":{"line":38,"column":52}},"23":{"start":{"line":39,"column":4},"end":{"line":39,"column":11}},"24":{"start":{"line":43,"column":13},"end":{"line":45,"column":3}},"25":{"start":{"line":44,"column":2},"end":{"line":44,"column":48}}},"fnMap":{"0":{"name":"(anonymous_1)","decl":{"start":{"line":11,"column":34},"end":{"line":11,"column":35}},"loc":{"start":{"line":11,"column":47},"end":{"line":19,"column":1}}},"1":{"name":"(anonymous_2)","decl":{"start":{"line":21,"column":41},"end":{"line":21,"column":42}},"loc":{"start":{"line":21,"column":54},"end":{"line":30,"column":1}}},"2":{"name":"(anonymous_3)","decl":{"start":{"line":32,"column":43},"end":{"line":32,"column":44}},"loc":{"start":{"line":32,"column":56},"end":{"line":41,"column":1}}},"3":{"name":"(anonymous_4)","decl":{"start":{"line":43,"column":39},"end":{"line":43,"column":42}},"loc":{"start":{"line":43,"column":44},"end":{"line":45,"column":1}}}},"branchMap":{},"s":{"0":1,"1":1,"2":1,"3":1,"4":1,"5":2,"6":2,"7":2,"8":1,"9":1,"10":1,"11":2,"12":2,"13":2,"14":1,"15":1,"16":1,"17":1,"18":3,"19":3,"20":3,"21":1,"22":2,"23":2,"24":1,"25":1},"f":{"0":2,"1":2,"2":3,"3":1},"b":{}}
,"D:\\CS Projects\\node-projects\\my-unit-testing\\controllers\\cartController.ts": {"path":"D:\\CS Projects\\node-projects\\my-unit-testing\\controllers\\cartController.ts","statementMap":{"0":{"start":{"line":1,"column":0},"end":{"line":1,"column":75}},"1":{"start":{"line":3,"column":13},"end":{"line":3,"column":49}},"2":{"start":{"line":5,"column":27},"end":{"line":13,"column":1}},"3":{"start":{"line":6,"column":2},"end":{"line":9,"column":null}},"4":{"start":{"line":7,"column":16},"end":{"line":7,"column":56}},"5":{"start":{"line":8,"column":4},"end":{"line":8,"column":14}},"6":{"start":{"line":11,"column":15},"end":{"line":11,"column":35}},"7":{"start":{"line":12,"column":2},"end":{"line":12,"column":14}},"8":{"start":{"line":5,"column":13},"end":{"line":5,"column":27}},"9":{"start":{"line":15,"column":29},"end":{"line":20,"column":1}},"10":{"start":{"line":16,"column":2},"end":{"line":16,"column":28}},"11":{"start":{"line":17,"column":19},"end":{"line":17,"column":59}},"12":{"start":{"line":18,"column":2},"end":{"line":18,"column":32}},"13":{"start":{"line":19,"column":2},"end":{"line":19,"column":18}},"14":{"start":{"line":15,"column":13},"end":{"line":15,"column":29}},"15":{"start":{"line":22,"column":34},"end":{"line":36,"column":1}},"16":{"start":{"line":23,"column":2},"end":{"line":26,"column":null}},"17":{"start":{"line":24,"column":16},"end":{"line":24,"column":56}},"18":{"start":{"line":25,"column":4},"end":{"line":25,"column":14}},"19":{"start":{"line":27,"column":2},"end":{"line":30,"column":null}},"20":{"start":{"line":28,"column":16},"end":{"line":28,"column":68}},"21":{"start":{"line":29,"column":4},"end":{"line":29,"column":14}},"22":{"start":{"line":32,"column":19},"end":{"line":32,"column":72}},"23":{"start":{"line":32,"column":61},"end":{"line":32,"column":71}},"24":{"start":{"line":33,"column":2},"end":{"line":33,"column":22}},"25":{"start":{"line":34,"column":2},"end":{"line":34,"column":32}},"26":{"start":{"line":35,"column":2},"end":{"line":35,"column":18}},"27":{"start":{"line":22,"column":13},"end":{"line":22,"column":34}}},"fnMap":{"0":{"name":"(anonymous_0)","decl":{"start":{"line":5,"column":27},"end":{"line":5,"column":28}},"loc":{"start":{"line":5,"column":48},"end":{"line":13,"column":1}}},"1":{"name":"(anonymous_1)","decl":{"start":{"line":15,"column":29},"end":{"line":15,"column":30}},"loc":{"start":{"line":15,"column":64},"end":{"line":20,"column":1}}},"2":{"name":"(anonymous_2)","decl":{"start":{"line":22,"column":34},"end":{"line":22,"column":35}},"loc":{"start":{"line":22,"column":69},"end":{"line":36,"column":1}}},"3":{"name":"(anonymous_3)","decl":{"start":{"line":32,"column":54},"end":{"line":32,"column":55}},"loc":{"start":{"line":32,"column":61},"end":{"line":32,"column":71}}}},"branchMap":{"0":{"loc":{"start":{"line":6,"column":2},"end":{"line":9,"column":null}},"type":"if","locations":[{"start":{"line":6,"column":2},"end":{"line":9,"column":null}}]},"1":{"loc":{"start":{"line":17,"column":20},"end":{"line":17,"column":45}},"type":"binary-expr","locations":[{"start":{"line":17,"column":20},"end":{"line":17,"column":39}},{"start":{"line":17,"column":43},"end":{"line":17,"column":45}}]},"2":{"loc":{"start":{"line":23,"column":2},"end":{"line":26,"column":null}},"type":"if","locations":[{"start":{"line":23,"column":2},"end":{"line":26,"column":null}}]},"3":{"loc":{"start":{"line":27,"column":2},"end":{"line":30,"column":null}},"type":"if","locations":[{"start":{"line":27,"column":2},"end":{"line":30,"column":null}}]},"4":{"loc":{"start":{"line":32,"column":20},"end":{"line":32,"column":45}},"type":"binary-expr","locations":[{"start":{"line":32,"column":20},"end":{"line":32,"column":39}},{"start":{"line":32,"column":43},"end":{"line":32,"column":45}}]}},"s":{"0":1,"1":1,"2":1,"3":2,"4":1,"5":1,"6":1,"7":1,"8":1,"9":1,"10":2,"11":1,"12":1,"13":1,"14":1,"15":1,"16":3,"17":1,"18":1,"19":2,"20":1,"21":1,"22":1,"23":3,"24":1,"25":1,"26":1,"27":1},"f":{"0":2,"1":2,"2":3,"3":3},"b":{"0":[1],"1":[1,1],"2":[1],"3":[1],"4":[1,0]}}
,"D:\\CS Projects\\node-projects\\my-unit-testing\\controllers\\inventoryController.ts": {"path":"D:\\CS Projects\\node-projects\\my-unit-testing\\controllers\\inventoryController.ts","statementMap":{"0":{"start":{"line":1,"column":13},"end":{"line":1,"column":51}},"1":{"start":{"line":3,"column":35},"end":{"line":13,"column":1}},"2":{"start":{"line":4,"column":2},"end":{"line":10,"column":null}},"3":{"start":{"line":5,"column":51},"end":{"line":8,"column":6}},"4":{"start":{"line":9,"column":4},"end":{"line":9,"column":14}},"5":{"start":{"line":12,"column":2},"end":{"line":12,"column":48}},"6":{"start":{"line":3,"column":13},"end":{"line":3,"column":35}},"7":{"start":{"line":15,"column":29},"end":{"line":17,"column":1}},"8":{"start":{"line":16,"column":2},"end":{"line":16,"column":54}},"9":{"start":{"line":15,"column":13},"end":{"line":15,"column":29}}},"fnMap":{"0":{"name":"(anonymous_0)","decl":{"start":{"line":3,"column":35},"end":{"line":3,"column":36}},"loc":{"start":{"line":3,"column":52},"end":{"line":13,"column":1}}},"1":{"name":"(anonymous_1)","decl":{"start":{"line":15,"column":29},"end":{"line":15,"column":30}},"loc":{"start":{"line":15,"column":46},"end":{"line":17,"column":1}}}},"branchMap":{"0":{"loc":{"start":{"line":4,"column":2},"end":{"line":10,"column":null}},"type":"if","locations":[{"start":{"line":4,"column":2},"end":{"line":10,"column":null}}]},"1":{"loc":{"start":{"line":4,"column":6},"end":{"line":4,"column":55}},"type":"binary-expr","locations":[{"start":{"line":4,"column":6},"end":{"line":4,"column":26}},{"start":{"line":4,"column":30},"end":{"line":4,"column":55}}]},"2":{"loc":{"start":{"line":16,"column":23},"end":{"line":16,"column":47}},"type":"binary-expr","locations":[{"start":{"line":16,"column":23},"end":{"line":16,"column":42}},{"start":{"line":16,"column":46},"end":{"line":16,"column":47}}]}},"s":{"0":1,"1":1,"2":2,"3":1,"4":1,"5":1,"6":1,"7":1,"8":1,"9":1},"f":{"0":2,"1":1},"b":{"0":[1],"1":[2,2],"2":[1,1]}}
}
