{"D:\\CS Projects\\node-projects\\my-unit-testing\\Cart.ts": {"path":"D:\\CS Projects\\node-projects\\my-unit-testing\\Cart.ts","statementMap":{"0":{"start":{"line":1,"column":0},"end":{"line":1,"column":34}},"1":{"start":{"line":11,"column":4},"end":{"line":11,"column":21}},"2":{"start":{"line":15,"column":4},"end":{"line":15,"column":28}},"3":{"start":{"line":19,"column":26},"end":{"line":22,"column":6}},"4":{"start":{"line":23,"column":4},"end":{"line":23,"column":44}},"5":{"start":{"line":24,"column":4},"end":{"line":24,"column":65}},"6":{"start":{"line":28,"column":4},"end":{"line":34,"column":null}},"7":{"start":{"line":28,"column":17},"end":{"line":28,"column":18}},"8":{"start":{"line":29,"column":22},"end":{"line":29,"column":35}},"9":{"start":{"line":31,"column":6},"end":{"line":33,"column":null}},"10":{"start":{"line":32,"column":8},"end":{"line":32,"column":80}},"11":{"start":{"line":8,"column":0},"end":{"line":8,"column":21}}},"fnMap":{"0":{"name":"(anonymous_0)","decl":{"start":{"line":10,"column":2},"end":{"line":10,"column":null}},"loc":{"start":{"line":10,"column":2},"end":{"line":12,"column":3}}},"1":{"name":"(anonymous_1)","decl":{"start":{"line":14,"column":2},"end":{"line":14,"column":6}},"loc":{"start":{"line":14,"column":11},"end":{"line":16,"column":3}}},"2":{"name":"(anonymous_2)","decl":{"start":{"line":18,"column":2},"end":{"line":18,"column":11}},"loc":{"start":{"line":18,"column":42},"end":{"line":25,"column":3}}},"3":{"name":"(anonymous_3)","decl":{"start":{"line":27,"column":2},"end":{"line":27,"column":16}},"loc":{"start":{"line":27,"column":29},"end":{"line":35,"column":3}}}},"branchMap":{"0":{"loc":{"start":{"line":31,"column":6},"end":{"line":33,"column":null}},"type":"if","locations":[{"start":{"line":31,"column":6},"end":{"line":33,"column":null}}]}},"s":{"0":1,"1":1,"2":0,"3":1,"4":1,"5":1,"6":0,"7":0,"8":0,"9":0,"10":0,"11":1},"f":{"0":1,"1":0,"2":1,"3":0},"b":{"0":[0]}}
,"D:\\CS Projects\\node-projects\\my-unit-testing\\logger.js": {"path":"D:\\CS Projects\\node-projects\\my-unit-testing\\logger.js","statementMap":{"0":{"start":{"line":2,"column":0},"end":{"line":2,"column":62}},"1":{"start":{"line":3,"column":0},"end":{"line":3,"column":24}},"2":{"start":{"line":4,"column":13},"end":{"line":4,"column":28}},"3":{"start":{"line":5,"column":19},"end":{"line":5,"column":40}},"4":{"start":{"line":6,"column":0},"end":{"line":9,"column":2}}},"fnMap":{},"branchMap":{},"s":{"0":1,"1":1,"2":1,"3":1,"4":1},"f":{},"b":{},"inputSourceMap":null,"_coverageSchema":"1a1c01bbd47fc00a2c39e90264f33305004495a9","hash":"2952ddcb0eea497126a6b8be732ddfc63a5d0516"}
,"D:\\CS Projects\\node-projects\\my-unit-testing\\script.ts": {"path":"D:\\CS Projects\\node-projects\\my-unit-testing\\script.ts","statementMap":{"0":{"start":{"line":1,"column":0},"end":{"line":1,"column":27}},"1":{"start":{"line":3,"column":0},"end":{"line":3,"column":58}},"2":{"start":{"line":4,"column":15},"end":{"line":4,"column":33}},"3":{"start":{"line":6,"column":30},"end":{"line":9,"column":1}},"4":{"start":{"line":7,"column":2},"end":{"line":7,"column":74}},"5":{"start":{"line":8,"column":2},"end":{"line":8,"column":23}},"6":{"start":{"line":6,"column":13},"end":{"line":6,"column":30}},"7":{"start":{"line":11,"column":29},"end":{"line":46,"column":1}},"8":{"start":{"line":12,"column":21},"end":{"line":16,"column":4}},"9":{"start":{"line":18,"column":21},"end":{"line":20,"column":4}},"10":{"start":{"line":22,"column":2},"end":{"line":28,"column":null}},"11":{"start":{"line":23,"column":16},"end":{"line":26,"column":6}},"12":{"start":{"line":27,"column":4},"end":{"line":27,"column":14}},"13":{"start":{"line":30,"column":2},"end":{"line":37,"column":null}},"14":{"start":{"line":31,"column":16},"end":{"line":34,"column":6}},"15":{"start":{"line":35,"column":4},"end":{"line":35,"column":31}},"16":{"start":{"line":36,"column":4},"end":{"line":36,"column":14}},"17":{"start":{"line":39,"column":2},"end":{"line":44,"column":5}},"18":{"start":{"line":45,"column":2},"end":{"line":45,"column":29}},"19":{"start":{"line":11,"column":13},"end":{"line":11,"column":29}},"20":{"start":{"line":48,"column":23},"end":{"line":63,"column":1}},"21":{"start":{"line":49,"column":15},"end":{"line":53,"column":4}},"22":{"start":{"line":55,"column":2},"end":{"line":60,"column":null}},"23":{"start":{"line":56,"column":16},"end":{"line":59,"column":6}},"24":{"start":{"line":61,"column":2},"end":{"line":61,"column":29}},"25":{"start":{"line":62,"column":2},"end":{"line":62,"column":14}},"26":{"start":{"line":48,"column":13},"end":{"line":48,"column":23}},"27":{"start":{"line":65,"column":27},"end":{"line":81,"column":1}},"28":{"start":{"line":66,"column":19},"end":{"line":66,"column":50}},"29":{"start":{"line":68,"column":16},"end":{"line":68,"column":45}},"30":{"start":{"line":70,"column":2},"end":{"line":78,"column":5}},"31":{"start":{"line":71,"column":22},"end":{"line":75,"column":6}},"32":{"start":{"line":77,"column":4},"end":{"line":77,"column":43}},"33":{"start":{"line":79,"column":2},"end":{"line":79,"column":29}},"34":{"start":{"line":80,"column":2},"end":{"line":80,"column":18}},"35":{"start":{"line":65,"column":13},"end":{"line":65,"column":27}},"36":{"start":{"line":83,"column":26},"end":{"line":95,"column":1}},"37":{"start":{"line":84,"column":2},"end":{"line":88,"column":5}},"38":{"start":{"line":89,"column":2},"end":{"line":93,"column":5}},"39":{"start":{"line":94,"column":2},"end":{"line":94,"column":29}},"40":{"start":{"line":83,"column":13},"end":{"line":83,"column":26}}},"fnMap":{"0":{"name":"(anonymous_0)","decl":{"start":{"line":6,"column":30},"end":{"line":6,"column":35}},"loc":{"start":{"line":6,"column":41},"end":{"line":9,"column":1}}},"1":{"name":"(anonymous_1)","decl":{"start":{"line":11,"column":29},"end":{"line":11,"column":34}},"loc":{"start":{"line":11,"column":56},"end":{"line":46,"column":1}}},"2":{"name":"(anonymous_2)","decl":{"start":{"line":48,"column":23},"end":{"line":48,"column":28}},"loc":{"start":{"line":48,"column":50},"end":{"line":63,"column":1}}},"3":{"name":"(anonymous_3)","decl":{"start":{"line":65,"column":27},"end":{"line":65,"column":32}},"loc":{"start":{"line":65,"column":38},"end":{"line":81,"column":1}}},"4":{"name":"(anonymous_4)","decl":{"start":{"line":70,"column":12},"end":{"line":70,"column":17}},"loc":{"start":{"line":70,"column":27},"end":{"line":78,"column":3}}},"5":{"name":"(anonymous_5)","decl":{"start":{"line":83,"column":26},"end":{"line":83,"column":31}},"loc":{"start":{"line":83,"column":53},"end":{"line":95,"column":1}}}},"branchMap":{"0":{"loc":{"start":{"line":22,"column":2},"end":{"line":28,"column":null}},"type":"if","locations":[{"start":{"line":22,"column":2},"end":{"line":28,"column":null}}]},"1":{"loc":{"start":{"line":30,"column":2},"end":{"line":37,"column":null}},"type":"if","locations":[{"start":{"line":30,"column":2},"end":{"line":37,"column":null}}]},"2":{"loc":{"start":{"line":55,"column":2},"end":{"line":60,"column":null}},"type":"if","locations":[{"start":{"line":55,"column":2},"end":{"line":60,"column":null}}]}},"s":{"0":1,"1":1,"2":1,"3":1,"4":0,"5":0,"6":1,"7":1,"8":1,"9":1,"10":1,"11":0,"12":0,"13":1,"14":0,"15":0,"16":0,"17":1,"18":1,"19":1,"20":1,"21":0,"22":0,"23":0,"24":0,"25":0,"26":1,"27":1,"28":0,"29":0,"30":0,"31":0,"32":0,"33":0,"34":0,"35":1,"36":1,"37":1,"38":1,"39":1,"40":1},"f":{"0":0,"1":1,"2":0,"3":0,"4":0,"5":1},"b":{"0":[0],"1":[0],"2":[0]}}
,"D:\\CS Projects\\node-projects\\my-unit-testing\\server.ts": {"path":"D:\\CS Projects\\node-projects\\my-unit-testing\\server.ts","statementMap":{"0":{"start":{"line":1,"column":0},"end":{"line":1,"column":67}},"1":{"start":{"line":2,"column":0},"end":{"line":2,"column":null}},"2":{"start":{"line":7,"column":0},"end":{"line":7,"column":null}},"3":{"start":{"line":11,"column":12},"end":{"line":11,"column":21}},"4":{"start":{"line":12,"column":13},"end":{"line":12,"column":17}},"5":{"start":{"line":14,"column":0},"end":{"line":14,"column":27}},"6":{"start":{"line":16,"column":0},"end":{"line":16,"column":46}},"7":{"start":{"line":17,"column":15},"end":{"line":17,"column":33}},"8":{"start":{"line":19,"column":0},"end":{"line":19,"column":24}},"9":{"start":{"line":20,"column":0},"end":{"line":26,"column":3}},"10":{"start":{"line":21,"column":2},"end":{"line":23,"column":null}},"11":{"start":{"line":22,"column":4},"end":{"line":22,"column":58}},"12":{"start":{"line":25,"column":2},"end":{"line":25,"column":15}},"13":{"start":{"line":28,"column":0},"end":{"line":37,"column":3}},"14":{"start":{"line":29,"column":2},"end":{"line":36,"column":null}},"15":{"start":{"line":30,"column":25},"end":{"line":30,"column":35}},"16":{"start":{"line":31,"column":17},"end":{"line":31,"column":44}},"17":{"start":{"line":33,"column":4},"end":{"line":33,"column":19}},"18":{"start":{"line":35,"column":4},"end":{"line":35,"column":52}},"19":{"start":{"line":39,"column":0},"end":{"line":52,"column":3}},"20":{"start":{"line":40,"column":23},"end":{"line":40,"column":33}},"21":{"start":{"line":41,"column":65},"end":{"line":41,"column":73}},"22":{"start":{"line":43,"column":2},"end":{"line":50,"column":null}},"23":{"start":{"line":43,"column":15},"end":{"line":43,"column":16}},"24":{"start":{"line":44,"column":4},"end":{"line":49,"column":null}},"25":{"start":{"line":45,"column":6},"end":{"line":45,"column":42}},"26":{"start":{"line":47,"column":6},"end":{"line":47,"column":54}},"27":{"start":{"line":48,"column":6},"end":{"line":48,"column":13}},"28":{"start":{"line":51,"column":2},"end":{"line":51,"column":59}},"29":{"start":{"line":54,"column":0},"end":{"line":63,"column":3}},"30":{"start":{"line":55,"column":2},"end":{"line":62,"column":null}},"31":{"start":{"line":56,"column":31},"end":{"line":56,"column":41}},"32":{"start":{"line":57,"column":4},"end":{"line":57,"column":45}},"33":{"start":{"line":58,"column":4},"end":{"line":58,"column":57}},"34":{"start":{"line":60,"column":4},"end":{"line":60,"column":52}},"35":{"start":{"line":61,"column":4},"end":{"line":61,"column":11}},"36":{"start":{"line":65,"column":0},"end":{"line":86,"column":3}},"37":{"start":{"line":66,"column":23},"end":{"line":66,"column":33}},"38":{"start":{"line":67,"column":67},"end":{"line":67,"column":75}},"39":{"start":{"line":68,"column":28},"end":{"line":72,"column":4}},"40":{"start":{"line":73,"column":2},"end":{"line":76,"column":null}},"41":{"start":{"line":74,"column":4},"end":{"line":74,"column":68}},"42":{"start":{"line":75,"column":4},"end":{"line":75,"column":11}},"43":{"start":{"line":78,"column":2},"end":{"line":84,"column":5}},"44":{"start":{"line":85,"column":2},"end":{"line":85,"column":67}},"45":{"start":{"line":88,"column":13},"end":{"line":90,"column":3}},"46":{"start":{"line":89,"column":2},"end":{"line":89,"column":48}}},"fnMap":{"0":{"name":"(anonymous_1)","decl":{"start":{"line":20,"column":8},"end":{"line":20,"column":13}},"loc":{"start":{"line":20,"column":66},"end":{"line":26,"column":1}}},"1":{"name":"(anonymous_2)","decl":{"start":{"line":28,"column":34},"end":{"line":28,"column":39}},"loc":{"start":{"line":28,"column":53},"end":{"line":37,"column":1}}},"2":{"name":"(anonymous_3)","decl":{"start":{"line":39,"column":35},"end":{"line":39,"column":40}},"loc":{"start":{"line":39,"column":54},"end":{"line":52,"column":1}}},"3":{"name":"(anonymous_4)","decl":{"start":{"line":54,"column":43},"end":{"line":54,"column":48}},"loc":{"start":{"line":54,"column":62},"end":{"line":63,"column":1}}},"4":{"name":"(anonymous_5)","decl":{"start":{"line":65,"column":28},"end":{"line":65,"column":33}},"loc":{"start":{"line":65,"column":47},"end":{"line":86,"column":1}}},"5":{"name":"(anonymous_6)","decl":{"start":{"line":88,"column":39},"end":{"line":88,"column":42}},"loc":{"start":{"line":88,"column":44},"end":{"line":90,"column":1}}}},"branchMap":{"0":{"loc":{"start":{"line":21,"column":2},"end":{"line":23,"column":null}},"type":"if","locations":[{"start":{"line":21,"column":2},"end":{"line":23,"column":null}}]},"1":{"loc":{"start":{"line":73,"column":2},"end":{"line":76,"column":null}},"type":"if","locations":[{"start":{"line":73,"column":2},"end":{"line":76,"column":null}}]}},"s":{"0":1,"1":1,"2":1,"3":1,"4":1,"5":1,"6":1,"7":1,"8":1,"9":1,"10":9,"11":7,"12":2,"13":1,"14":2,"15":2,"16":2,"17":1,"18":1,"19":1,"20":2,"21":2,"22":2,"23":2,"24":4,"25":4,"26":1,"27":1,"28":1,"29":1,"30":3,"31":3,"32":3,"33":1,"34":2,"35":2,"36":1,"37":2,"38":2,"39":2,"40":2,"41":1,"42":1,"43":1,"44":1,"45":1,"46":1},"f":{"0":9,"1":2,"2":2,"3":3,"4":2,"5":1},"b":{"0":[7],"1":[1]}}
,"D:\\CS Projects\\node-projects\\my-unit-testing\\controllers\\cartController.ts": {"path":"D:\\CS Projects\\node-projects\\my-unit-testing\\controllers\\cartController.ts","statementMap":{"0":{"start":{"line":1,"column":0},"end":{"line":1,"column":75}},"1":{"start":{"line":2,"column":0},"end":{"line":2,"column":27}},"2":{"start":{"line":4,"column":0},"end":{"line":4,"column":46}},"3":{"start":{"line":5,"column":15},"end":{"line":5,"column":33}},"4":{"start":{"line":7,"column":27},"end":{"line":22,"column":1}},"5":{"start":{"line":8,"column":21},"end":{"line":13,"column":4}},"6":{"start":{"line":14,"column":2},"end":{"line":18,"column":null}},"7":{"start":{"line":15,"column":16},"end":{"line":15,"column":56}},"8":{"start":{"line":16,"column":4},"end":{"line":16,"column":31}},"9":{"start":{"line":17,"column":4},"end":{"line":17,"column":14}},"10":{"start":{"line":20,"column":2},"end":{"line":20,"column":29}},"11":{"start":{"line":21,"column":2},"end":{"line":21,"column":20}},"12":{"start":{"line":7,"column":13},"end":{"line":7,"column":27}},"13":{"start":{"line":24,"column":29},"end":{"line":88,"column":1}},"14":{"start":{"line":25,"column":15},"end":{"line":29,"column":4}},"15":{"start":{"line":30,"column":2},"end":{"line":37,"column":null}},"16":{"start":{"line":31,"column":16},"end":{"line":34,"column":6}},"17":{"start":{"line":35,"column":4},"end":{"line":35,"column":31}},"18":{"start":{"line":36,"column":4},"end":{"line":36,"column":14}},"19":{"start":{"line":40,"column":15},"end":{"line":44,"column":4}},"20":{"start":{"line":45,"column":2},"end":{"line":52,"column":null}},"21":{"start":{"line":46,"column":16},"end":{"line":49,"column":6}},"22":{"start":{"line":50,"column":4},"end":{"line":50,"column":31}},"23":{"start":{"line":51,"column":4},"end":{"line":51,"column":14}},"24":{"start":{"line":54,"column":2},"end":{"line":54,"column":38}},"25":{"start":{"line":57,"column":19},"end":{"line":62,"column":4}},"26":{"start":{"line":63,"column":2},"end":{"line":86,"column":null}},"27":{"start":{"line":65,"column":4},"end":{"line":72,"column":7}},"28":{"start":{"line":75,"column":4},"end":{"line":85,"column":7}},"29":{"start":{"line":87,"column":2},"end":{"line":87,"column":29}},"30":{"start":{"line":24,"column":13},"end":{"line":24,"column":29}},"31":{"start":{"line":90,"column":34},"end":{"line":128,"column":1}},"32":{"start":{"line":91,"column":21},"end":{"line":95,"column":4}},"33":{"start":{"line":96,"column":2},"end":{"line":100,"column":null}},"34":{"start":{"line":97,"column":16},"end":{"line":97,"column":56}},"35":{"start":{"line":98,"column":4},"end":{"line":98,"column":31}},"36":{"start":{"line":99,"column":4},"end":{"line":99,"column":14}},"37":{"start":{"line":101,"column":21},"end":{"line":105,"column":4}},"38":{"start":{"line":106,"column":25},"end":{"line":111,"column":4}},"39":{"start":{"line":112,"column":2},"end":{"line":116,"column":null}},"40":{"start":{"line":113,"column":16},"end":{"line":113,"column":68}},"41":{"start":{"line":114,"column":4},"end":{"line":114,"column":31}},"42":{"start":{"line":115,"column":4},"end":{"line":115,"column":14}},"43":{"start":{"line":118,"column":2},"end":{"line":125,"column":5}},"44":{"start":{"line":126,"column":2},"end":{"line":126,"column":28}},"45":{"start":{"line":127,"column":2},"end":{"line":127,"column":29}},"46":{"start":{"line":90,"column":13},"end":{"line":90,"column":34}}},"fnMap":{"0":{"name":"(anonymous_0)","decl":{"start":{"line":7,"column":27},"end":{"line":7,"column":32}},"loc":{"start":{"line":7,"column":54},"end":{"line":22,"column":1}}},"1":{"name":"(anonymous_1)","decl":{"start":{"line":24,"column":29},"end":{"line":24,"column":34}},"loc":{"start":{"line":24,"column":74},"end":{"line":88,"column":1}}},"2":{"name":"(anonymous_2)","decl":{"start":{"line":90,"column":34},"end":{"line":90,"column":39}},"loc":{"start":{"line":90,"column":75},"end":{"line":128,"column":1}}}},"branchMap":{"0":{"loc":{"start":{"line":14,"column":2},"end":{"line":18,"column":null}},"type":"if","locations":[{"start":{"line":14,"column":2},"end":{"line":18,"column":null}}]},"1":{"loc":{"start":{"line":30,"column":2},"end":{"line":37,"column":null}},"type":"if","locations":[{"start":{"line":30,"column":2},"end":{"line":37,"column":null}}]},"2":{"loc":{"start":{"line":45,"column":2},"end":{"line":52,"column":null}},"type":"if","locations":[{"start":{"line":45,"column":2},"end":{"line":52,"column":null}}]},"3":{"loc":{"start":{"line":63,"column":2},"end":{"line":86,"column":null}},"type":"if","locations":[{"start":{"line":63,"column":2},"end":{"line":86,"column":null}},{"start":{"line":73,"column":9},"end":{"line":86,"column":null}}]},"4":{"loc":{"start":{"line":96,"column":2},"end":{"line":100,"column":null}},"type":"if","locations":[{"start":{"line":96,"column":2},"end":{"line":100,"column":null}}]},"5":{"loc":{"start":{"line":112,"column":2},"end":{"line":116,"column":null}},"type":"if","locations":[{"start":{"line":112,"column":2},"end":{"line":116,"column":null}}]},"6":{"loc":{"start":{"line":112,"column":6},"end":{"line":112,"column":36}},"type":"binary-expr","locations":[{"start":{"line":112,"column":6},"end":{"line":112,"column":17}},{"start":{"line":112,"column":21},"end":{"line":112,"column":36}}]}},"s":{"0":2,"1":2,"2":2,"3":2,"4":2,"5":3,"6":3,"7":1,"8":1,"9":1,"10":2,"11":2,"12":2,"13":2,"14":8,"15":8,"16":1,"17":1,"18":1,"19":7,"20":7,"21":1,"22":1,"23":1,"24":6,"25":5,"26":5,"27":3,"28":2,"29":5,"30":2,"31":2,"32":7,"33":7,"34":2,"35":2,"36":2,"37":5,"38":5,"39":5,"40":3,"41":3,"42":3,"43":2,"44":2,"45":2,"46":2},"f":{"0":3,"1":8,"2":7},"b":{"0":[1],"1":[1],"2":[1],"3":[3,2],"4":[2],"5":[3],"6":[5,4]}}
,"D:\\CS Projects\\node-projects\\my-unit-testing\\controllers\\inventoryController.ts": {"path":"D:\\CS Projects\\node-projects\\my-unit-testing\\controllers\\inventoryController.ts","statementMap":{"0":{"start":{"line":1,"column":0},"end":{"line":1,"column":27}},"1":{"start":{"line":3,"column":0},"end":{"line":3,"column":46}},"2":{"start":{"line":4,"column":15},"end":{"line":4,"column":33}},"3":{"start":{"line":6,"column":35},"end":{"line":29,"column":1}},"4":{"start":{"line":7,"column":28},"end":{"line":11,"column":4}},"5":{"start":{"line":12,"column":22},"end":{"line":12,"column":73}},"6":{"start":{"line":13,"column":2},"end":{"line":19,"column":null}},"7":{"start":{"line":14,"column":51},"end":{"line":17,"column":6}},"8":{"start":{"line":18,"column":4},"end":{"line":18,"column":14}},"9":{"start":{"line":21,"column":2},"end":{"line":28,"column":5}},"10":{"start":{"line":6,"column":13},"end":{"line":6,"column":35}},"11":{"start":{"line":31,"column":29},"end":{"line":51,"column":1}},"12":{"start":{"line":32,"column":28},"end":{"line":34,"column":4}},"13":{"start":{"line":35,"column":2},"end":{"line":50,"column":7}},"14":{"start":{"line":36,"column":4},"end":{"line":43,"column":7}},"15":{"start":{"line":45,"column":4},"end":{"line":50,"column":7}},"16":{"start":{"line":31,"column":13},"end":{"line":31,"column":29}}},"fnMap":{"0":{"name":"(anonymous_0)","decl":{"start":{"line":6,"column":35},"end":{"line":6,"column":40}},"loc":{"start":{"line":6,"column":58},"end":{"line":29,"column":1}}},"1":{"name":"(anonymous_1)","decl":{"start":{"line":31,"column":29},"end":{"line":31,"column":34}},"loc":{"start":{"line":31,"column":52},"end":{"line":51,"column":1}}}},"branchMap":{"0":{"loc":{"start":{"line":12,"column":22},"end":{"line":12,"column":73}},"type":"binary-expr","locations":[{"start":{"line":12,"column":22},"end":{"line":12,"column":39}},{"start":{"line":12,"column":43},"end":{"line":12,"column":73}}]},"1":{"loc":{"start":{"line":13,"column":2},"end":{"line":19,"column":null}},"type":"if","locations":[{"start":{"line":13,"column":2},"end":{"line":19,"column":null}}]},"2":{"loc":{"start":{"line":35,"column":2},"end":{"line":50,"column":7}},"type":"if","locations":[{"start":{"line":35,"column":2},"end":{"line":50,"column":7}},{"start":{"line":45,"column":4},"end":{"line":50,"column":7}}]}},"s":{"0":3,"1":3,"2":3,"3":3,"4":9,"5":9,"6":9,"7":3,"8":3,"9":6,"10":3,"11":3,"12":4,"13":4,"14":2,"15":2,"16":3},"f":{"0":9,"1":4},"b":{"0":[9,8],"1":[3],"2":[2,2]}}
,"D:\\CS Projects\\node-projects\\my-unit-testing\\middleware\\authenticationController.ts": {"path":"D:\\CS Projects\\node-projects\\my-unit-testing\\middleware\\authenticationController.ts","statementMap":{"0":{"start":{"line":1,"column":0},"end":{"line":1,"column":28}},"1":{"start":{"line":3,"column":0},"end":{"line":3,"column":27}},"2":{"start":{"line":5,"column":0},"end":{"line":5,"column":46}},"3":{"start":{"line":6,"column":15},"end":{"line":6,"column":33}},"4":{"start":{"line":8,"column":28},"end":{"line":12,"column":1}},"5":{"start":{"line":9,"column":15},"end":{"line":9,"column":42}},"6":{"start":{"line":10,"column":2},"end":{"line":10,"column":24}},"7":{"start":{"line":11,"column":2},"end":{"line":11,"column":28}},"8":{"start":{"line":8,"column":13},"end":{"line":8,"column":28}},"9":{"start":{"line":14,"column":35},"end":{"line":34,"column":1}},"10":{"start":{"line":18,"column":15},"end":{"line":22,"column":4}},"11":{"start":{"line":23,"column":2},"end":{"line":23,"column":29}},"12":{"start":{"line":25,"column":2},"end":{"line":25,"column":26}},"13":{"start":{"line":25,"column":13},"end":{"line":25,"column":26}},"14":{"start":{"line":27,"column":2},"end":{"line":27,"column":54}},"15":{"start":{"line":14,"column":13},"end":{"line":14,"column":35}},"16":{"start":{"line":36,"column":40},"end":{"line":62,"column":1}},"17":{"start":{"line":41,"column":2},"end":{"line":59,"column":null}},"18":{"start":{"line":42,"column":23},"end":{"line":42,"column":48}},"19":{"start":{"line":43,"column":24},"end":{"line":46,"column":16}},"20":{"start":{"line":48,"column":33},"end":{"line":48,"column":55}},"21":{"start":{"line":49,"column":33},"end":{"line":49,"column":78}},"22":{"start":{"line":51,"column":4},"end":{"line":53,"column":null}},"23":{"start":{"line":52,"column":6},"end":{"line":52,"column":45}},"24":{"start":{"line":55,"column":4},"end":{"line":55,"column":74}},"25":{"start":{"line":56,"column":4},"end":{"line":56,"column":52}},"26":{"start":{"line":58,"column":4},"end":{"line":58,"column":11}},"27":{"start":{"line":61,"column":2},"end":{"line":61,"column":15}},"28":{"start":{"line":36,"column":13},"end":{"line":36,"column":40}}},"fnMap":{"0":{"name":"(anonymous_1)","decl":{"start":{"line":8,"column":28},"end":{"line":8,"column":29}},"loc":{"start":{"line":8,"column":49},"end":{"line":12,"column":1}}},"1":{"name":"(anonymous_2)","decl":{"start":{"line":14,"column":35},"end":{"line":14,"column":40}},"loc":{"start":{"line":17,"column":4},"end":{"line":34,"column":1}}},"2":{"name":"(anonymous_3)","decl":{"start":{"line":36,"column":40},"end":{"line":36,"column":45}},"loc":{"start":{"line":40,"column":4},"end":{"line":62,"column":1}}}},"branchMap":{"0":{"loc":{"start":{"line":25,"column":2},"end":{"line":25,"column":26}},"type":"if","locations":[{"start":{"line":25,"column":2},"end":{"line":25,"column":26}}]},"1":{"loc":{"start":{"line":51,"column":4},"end":{"line":53,"column":null}},"type":"if","locations":[{"start":{"line":51,"column":4},"end":{"line":53,"column":null}}]}},"s":{"0":2,"1":2,"2":2,"3":2,"4":2,"5":23,"6":23,"7":23,"8":2,"9":2,"10":10,"11":10,"12":10,"13":1,"14":9,"15":2,"16":2,"17":9,"18":9,"19":9,"20":9,"21":9,"22":9,"23":1,"24":1,"25":1,"26":1,"27":8,"28":2},"f":{"0":23,"1":10,"2":9},"b":{"0":[1],"1":[1]}}
}
