TN:
SF:Cart.ts
FN:10,(anonymous_0)
FN:14,(anonymous_1)
FN:18,(anonymous_2)
FN:27,(anonymous_3)
FNF:4
FNH:2
FNDA:1,(anonymous_0)
FNDA:0,(anonymous_1)
FNDA:1,(anonymous_2)
FNDA:0,(anonymous_3)
DA:1,1
DA:8,1
DA:11,1
DA:15,0
DA:19,1
DA:23,1
DA:24,1
DA:28,0
DA:29,0
DA:31,0
DA:32,0
LF:11
LH:6
BRDA:31,0,0,0
BRF:1
BRH:0
end_of_record
TN:
SF:logger.js
FNF:0
FNH:0
DA:2,1
DA:3,1
DA:4,1
DA:5,1
DA:6,1
LF:5
LH:5
BRF:0
BRH:0
end_of_record
TN:
SF:script.ts
FN:6,(anonymous_0)
FN:11,(anonymous_1)
FN:48,(anonymous_2)
FN:65,(anonymous_3)
FN:70,(anonymous_4)
FN:83,(anonymous_5)
FNF:6
FNH:2
FNDA:0,(anonymous_0)
FNDA:1,(anonymous_1)
FNDA:0,(anonymous_2)
FNDA:0,(anonymous_3)
FNDA:0,(anonymous_4)
FNDA:1,(anonymous_5)
DA:1,1
DA:3,1
DA:4,1
DA:6,1
DA:7,0
DA:8,0
DA:11,1
DA:12,1
DA:18,1
DA:22,1
DA:23,0
DA:27,0
DA:30,1
DA:31,0
DA:35,0
DA:36,0
DA:39,1
DA:45,1
DA:48,1
DA:49,0
DA:55,0
DA:56,0
DA:61,0
DA:62,0
DA:65,1
DA:66,0
DA:68,0
DA:70,0
DA:71,0
DA:77,0
DA:79,0
DA:80,0
DA:83,1
DA:84,1
DA:89,1
DA:94,1
LF:36
LH:17
BRDA:22,0,0,0
BRDA:30,1,0,0
BRDA:55,2,0,0
BRF:3
BRH:0
end_of_record
TN:
SF:server.ts
FN:20,(anonymous_1)
FN:28,(anonymous_2)
FN:39,(anonymous_3)
FN:54,(anonymous_4)
FN:65,(anonymous_5)
FN:88,(anonymous_6)
FNF:6
FNH:6
FNDA:9,(anonymous_1)
FNDA:2,(anonymous_2)
FNDA:2,(anonymous_3)
FNDA:3,(anonymous_4)
FNDA:2,(anonymous_5)
FNDA:1,(anonymous_6)
DA:1,1
DA:2,1
DA:7,1
DA:11,1
DA:12,1
DA:14,1
DA:16,1
DA:17,1
DA:19,1
DA:20,1
DA:21,9
DA:22,7
DA:25,2
DA:28,1
DA:29,2
DA:30,2
DA:31,2
DA:33,1
DA:35,1
DA:39,1
DA:40,2
DA:41,2
DA:43,2
DA:44,4
DA:45,4
DA:47,1
DA:48,1
DA:51,1
DA:54,1
DA:55,3
DA:56,3
DA:57,3
DA:58,1
DA:60,2
DA:61,2
DA:65,1
DA:66,2
DA:67,2
DA:68,2
DA:73,2
DA:74,1
DA:75,1
DA:78,1
DA:85,1
DA:88,1
DA:89,1
LF:46
LH:46
BRDA:21,0,0,7
BRDA:73,1,0,1
BRF:2
BRH:2
end_of_record
TN:
SF:controllers\cartController.ts
FN:7,(anonymous_0)
FN:24,(anonymous_1)
FN:90,(anonymous_2)
FNF:3
FNH:3
FNDA:3,(anonymous_0)
FNDA:8,(anonymous_1)
FNDA:7,(anonymous_2)
DA:1,2
DA:2,2
DA:4,2
DA:5,2
DA:7,2
DA:8,3
DA:14,3
DA:15,1
DA:16,1
DA:17,1
DA:20,2
DA:21,2
DA:24,2
DA:25,8
DA:30,8
DA:31,1
DA:35,1
DA:36,1
DA:40,7
DA:45,7
DA:46,1
DA:50,1
DA:51,1
DA:54,6
DA:57,5
DA:63,5
DA:65,3
DA:75,2
DA:87,5
DA:90,2
DA:91,7
DA:96,7
DA:97,2
DA:98,2
DA:99,2
DA:101,5
DA:106,5
DA:112,5
DA:113,3
DA:114,3
DA:115,3
DA:118,2
DA:126,2
DA:127,2
LF:44
LH:44
BRDA:14,0,0,1
BRDA:30,1,0,1
BRDA:45,2,0,1
BRDA:63,3,0,3
BRDA:63,3,1,2
BRDA:96,4,0,2
BRDA:112,5,0,3
BRDA:112,6,0,5
BRDA:112,6,1,4
BRF:9
BRH:9
end_of_record
TN:
SF:controllers\inventoryController.ts
FN:6,(anonymous_0)
FN:31,(anonymous_1)
FNF:2
FNH:2
FNDA:9,(anonymous_0)
FNDA:4,(anonymous_1)
DA:1,3
DA:3,3
DA:4,3
DA:6,3
DA:7,9
DA:12,9
DA:13,9
DA:14,3
DA:18,3
DA:21,6
DA:31,3
DA:32,4
DA:35,4
DA:36,2
DA:45,2
LF:15
LH:15
BRDA:12,0,0,9
BRDA:12,0,1,8
BRDA:13,1,0,3
BRDA:35,2,0,2
BRDA:35,2,1,2
BRF:5
BRH:5
end_of_record
TN:
SF:middleware\authenticationController.ts
FN:8,(anonymous_1)
FN:14,(anonymous_2)
FN:36,(anonymous_3)
FNF:3
FNH:3
FNDA:23,(anonymous_1)
FNDA:10,(anonymous_2)
FNDA:9,(anonymous_3)
DA:1,2
DA:3,2
DA:5,2
DA:6,2
DA:8,2
DA:9,23
DA:10,23
DA:11,23
DA:14,2
DA:18,10
DA:23,10
DA:25,10
DA:27,9
DA:36,2
DA:41,9
DA:42,9
DA:43,9
DA:48,9
DA:49,9
DA:51,9
DA:52,1
DA:55,1
DA:56,1
DA:58,1
DA:61,8
LF:25
LH:25
BRDA:25,0,0,1
BRDA:51,1,0,1
BRF:2
BRH:2
end_of_record
