TN:
SF:Cart.ts
FN:11,(anonymous_0)
FN:15,(anonymous_1)
FN:19,(anonymous_2)
FN:28,(anonymous_3)
FNF:4
FNH:2
FNDA:1,(anonymous_0)
FNDA:0,(anonymous_1)
FNDA:1,(anonymous_2)
FNDA:0,(anonymous_3)
DA:2,1
DA:9,1
DA:12,1
DA:16,0
DA:20,1
DA:24,1
DA:25,1
DA:29,0
DA:30,0
DA:32,0
DA:33,0
LF:11
LH:6
BRDA:32,0,0,0
BRF:1
BRH:0
end_of_record
TN:
SF:logger.js
FNF:0
FNH:0
DA:2,1
DA:3,1
DA:4,1
DA:5,1
DA:6,1
LF:5
LH:5
BRF:0
BRH:0
end_of_record
TN:
SF:script.js
FN:2,(anonymous_0)
FN:3,adopt
FN:3,(anonymous_2)
FN:4,(anonymous_3)
FN:5,fulfilled
FN:6,rejected
FN:7,step
FN:11,(anonymous_7)
FN:12,(anonymous_8)
FN:13,(anonymous_9)
FN:14,verb
FN:14,(anonymous_11)
FN:15,step
FN:44,(anonymous_13)
FN:44,(anonymous_14)
FN:45,(anonymous_15)
FN:56,(anonymous_16)
FN:56,(anonymous_17)
FN:57,(anonymous_18)
FN:72,(anonymous_19)
FN:72,(anonymous_20)
FN:74,(anonymous_21)
FN:89,(anonymous_22)
FN:89,(anonymous_23)
FN:91,(anonymous_24)
FN:102,(anonymous_25)
FN:102,(anonymous_26)
FN:103,(anonymous_27)
FNF:28
FNH:26
FNDA:9,(anonymous_0)
FNDA:9,adopt
FNDA:9,(anonymous_2)
FNDA:9,(anonymous_3)
FNDA:9,fulfilled
FNDA:0,rejected
FNDA:18,step
FNDA:9,(anonymous_7)
FNDA:9,(anonymous_8)
FNDA:0,(anonymous_9)
FNDA:27,verb
FNDA:18,(anonymous_11)
FNDA:18,step
FNDA:2,(anonymous_13)
FNDA:2,(anonymous_14)
FNDA:4,(anonymous_15)
FNDA:4,(anonymous_16)
FNDA:4,(anonymous_17)
FNDA:8,(anonymous_18)
FNDA:1,(anonymous_19)
FNDA:1,(anonymous_20)
FNDA:2,(anonymous_21)
FNDA:1,(anonymous_22)
FNDA:1,(anonymous_23)
FNDA:2,(anonymous_24)
FNDA:1,(anonymous_25)
FNDA:1,(anonymous_26)
FNDA:2,(anonymous_27)
DA:2,1
DA:3,9
DA:4,9
DA:5,9
DA:6,0
DA:7,18
DA:8,9
DA:11,1
DA:12,9
DA:13,9
DA:14,27
DA:16,18
DA:17,36
DA:18,36
DA:19,36
DA:20,36
DA:21,18
DA:22,9
DA:23,0
DA:24,0
DA:26,9
DA:27,0
DA:28,0
DA:29,0
DA:30,0
DA:31,0
DA:33,18
DA:34,36
DA:35,9
DA:38,1
DA:39,1
DA:40,1
DA:41,1
DA:42,1
DA:44,2
DA:45,2
DA:46,4
DA:47,2
DA:49,2
DA:50,2
DA:51,2
DA:55,1
DA:56,4
DA:57,4
DA:58,8
DA:59,4
DA:65,4
DA:66,4
DA:67,4
DA:71,1
DA:72,1
DA:74,1
DA:75,2
DA:76,1
DA:82,1
DA:83,1
DA:84,1
DA:88,1
DA:89,1
DA:91,1
DA:92,2
DA:93,1
DA:95,1
DA:96,1
DA:97,1
DA:101,1
DA:102,1
DA:103,1
DA:104,2
DA:105,1
DA:111,1
DA:112,1
DA:113,1
DA:117,1
LF:74
LH:66
BRDA:2,0,0,1
BRDA:2,0,1,1
BRDA:2,0,2,1
BRDA:3,1,0,0
BRDA:3,1,1,9
BRDA:4,2,0,9
BRDA:4,2,1,9
BRDA:7,3,0,9
BRDA:7,3,1,9
BRDA:8,4,0,9
BRDA:8,4,1,9
BRDA:11,5,0,1
BRDA:11,5,1,1
BRDA:11,5,2,1
BRDA:12,6,0,0
BRDA:12,6,1,9
BRDA:13,7,0,9
BRDA:13,7,1,9
BRDA:16,8,0,0
BRDA:16,8,1,18
BRDA:17,9,0,45
BRDA:17,9,1,9
BRDA:17,10,0,9
BRDA:17,10,1,0
BRDA:18,11,0,0
BRDA:18,11,1,36
BRDA:18,12,0,36
BRDA:18,12,1,0
BRDA:18,12,2,0
BRDA:18,13,0,0
BRDA:18,13,1,0
BRDA:18,14,0,0
BRDA:18,14,1,0
BRDA:18,15,0,0
BRDA:18,15,1,0
BRDA:18,16,0,0
BRDA:18,16,1,0
BRDA:19,17,0,0
BRDA:19,17,1,36
BRDA:20,18,0,18
BRDA:20,18,1,18
BRDA:20,18,2,9
BRDA:20,18,3,0
BRDA:20,18,4,0
BRDA:20,18,5,9
BRDA:26,19,0,9
BRDA:26,19,1,0
BRDA:26,20,0,9
BRDA:26,20,1,9
BRDA:26,20,2,9
BRDA:26,21,0,9
BRDA:26,21,1,0
BRDA:27,22,0,0
BRDA:27,22,1,0
BRDA:27,23,0,0
BRDA:27,23,1,0
BRDA:27,23,2,0
BRDA:27,23,3,0
BRDA:28,24,0,0
BRDA:28,24,1,0
BRDA:28,25,0,0
BRDA:28,25,1,0
BRDA:29,26,0,0
BRDA:29,26,1,0
BRDA:29,27,0,0
BRDA:29,27,1,0
BRDA:30,28,0,0
BRDA:30,28,1,0
BRDA:35,29,0,0
BRDA:35,29,1,9
BRDA:35,30,0,9
BRDA:35,30,1,0
BRDA:46,31,0,2
BRDA:46,31,1,2
BRDA:58,32,0,4
BRDA:58,32,1,4
BRDA:75,33,0,1
BRDA:75,33,1,1
BRDA:92,34,0,1
BRDA:92,34,1,1
BRDA:104,35,0,1
BRDA:104,35,1,1
BRF:82
BRH:44
end_of_record
TN:
SF:server.ts
FN:16,(anonymous_1)
FN:24,(anonymous_2)
FN:34,(anonymous_3)
FN:50,(anonymous_4)
FN:61,(anonymous_5)
FN:74,(anonymous_6)
FNF:6
FNH:6
FNDA:9,(anonymous_1)
FNDA:2,(anonymous_2)
FNDA:2,(anonymous_3)
FNDA:3,(anonymous_4)
FNDA:2,(anonymous_5)
FNDA:1,(anonymous_6)
DA:1,1
DA:2,1
DA:7,1
DA:12,1
DA:13,1
DA:15,1
DA:16,1
DA:17,9
DA:18,7
DA:21,2
DA:24,1
DA:25,2
DA:26,2
DA:27,2
DA:28,1
DA:30,1
DA:34,1
DA:35,2
DA:36,2
DA:39,2
DA:40,4
DA:41,4
DA:43,1
DA:44,1
DA:47,1
DA:50,1
DA:51,3
DA:52,3
DA:53,3
DA:54,1
DA:56,2
DA:57,2
DA:61,1
DA:62,2
DA:63,2
DA:64,2
DA:65,2
DA:66,1
DA:67,1
DA:70,1
DA:71,1
DA:74,1
DA:75,1
LF:43
LH:43
BRDA:17,0,0,7
BRDA:65,1,0,1
BRF:2
BRH:2
end_of_record
TN:
SF:controllers\cartController.ts
FN:5,(anonymous_0)
FN:15,(anonymous_1)
FN:22,(anonymous_2)
FN:32,(anonymous_3)
FNF:4
FNH:4
FNDA:2,(anonymous_0)
FNDA:4,(anonymous_1)
FNDA:3,(anonymous_2)
FNDA:3,(anonymous_3)
DA:1,1
DA:3,1
DA:5,1
DA:6,2
DA:7,1
DA:8,1
DA:11,1
DA:12,1
DA:15,1
DA:16,4
DA:17,3
DA:18,3
DA:19,3
DA:22,1
DA:23,3
DA:24,1
DA:25,1
DA:27,2
DA:28,1
DA:29,1
DA:32,3
DA:33,1
DA:34,1
DA:35,1
LF:24
LH:24
BRDA:6,0,0,1
BRDA:17,1,0,3
BRDA:17,1,1,1
BRDA:23,2,0,1
BRDA:27,3,0,1
BRDA:32,4,0,1
BRDA:32,4,1,0
BRF:7
BRH:6
end_of_record
TN:
SF:controllers\inventoryController.ts
FN:3,(anonymous_0)
FN:15,(anonymous_1)
FNF:2
FNH:2
FNDA:4,(anonymous_0)
FNDA:1,(anonymous_1)
DA:1,1
DA:3,1
DA:4,4
DA:5,1
DA:9,1
DA:12,3
DA:15,1
DA:16,1
LF:8
LH:8
BRDA:4,0,0,1
BRDA:4,1,0,4
BRDA:4,1,1,4
BRDA:16,2,0,1
BRDA:16,2,1,1
BRF:5
BRH:5
end_of_record
TN:
SF:middleware\authenticationController.ts
FN:10,(anonymous_1)
FN:16,(anonymous_2)
FN:24,(anonymous_3)
FNF:3
FNH:3
FNDA:17,(anonymous_1)
FNDA:10,(anonymous_2)
FNDA:9,(anonymous_3)
DA:1,2
DA:8,2
DA:10,2
DA:11,17
DA:12,17
DA:13,17
DA:16,2
DA:17,10
DA:18,10
DA:20,9
DA:21,9
DA:24,2
DA:29,9
DA:30,9
DA:31,9
DA:36,9
DA:38,9
DA:39,1
DA:42,1
DA:43,1
DA:46,8
LF:21
LH:21
BRDA:18,0,0,1
BRDA:38,1,0,1
BRF:2
BRH:2
end_of_record
